<?xml version="1.0" encoding="UTF-8"?>
<testsuite name="com.example.dalaPlay.DalaPlayApplicationTests" tests="1" skipped="0" failures="0" errors="0" timestamp="2024-06-12T12:28:17" hostname="DESKTOP-BGSJ3GE" time="0.61">
  <properties/>
  <testcase name="contextLoads()" classname="com.example.dalaPlay.DalaPlayApplicationTests" time="0.61"/>
  <system-out><![CDATA[17:27:54.521 [Test worker] INFO org.springframework.test.context.support.AnnotationConfigContextLoaderUtils -- Could not detect default configuration classes for test class [com.example.dalaPlay.DalaPlayApplicationTests]: DalaPlayApplicationTests does not declare any static, non-private, non-final, nested classes annotated with @Configuration.
17:27:54.645 [Test worker] INFO org.springframework.boot.test.context.SpringBootTestContextBootstrapper -- Found @SpringBootConfiguration com.example.dalaPlay.DalaPlayApplication for test class com.example.dalaPlay.DalaPlayApplicationTests
  .   ____          _            __ _ _
 /\\ / ___'_ __ _ _(_)_ __  __ _ \ \ \ \
( ( )\___ | '_ | '_| | '_ \/ _` | \ \ \ \
 \\/  ___)| |_)| | | | | || (_| |  ) ) ) )
  '  |____| .__|_| |_|_| |_\__, | / / / /
 =========|_|==============|___/=/_/_/_/

 :: Spring Boot ::                (v3.3.0)

2024-06-12T17:27:55.153+05:00  INFO 30420 --- [    Test worker] c.e.dalaPlay.DalaPlayApplicationTests    : Starting DalaPlayApplicationTests using Java 20.0.1 with PID 30420 (started by Yerkebulan in E:\IntellijProject\dalaPlay)
2024-06-12T17:27:55.156+05:00  INFO 30420 --- [    Test worker] c.e.dalaPlay.DalaPlayApplicationTests    : No active profile set, falling back to 1 default profile: "default"
2024-06-12T17:27:56.028+05:00  INFO 30420 --- [    Test worker] .s.d.r.c.RepositoryConfigurationDelegate : Bootstrapping Spring Data JPA repositories in DEFAULT mode.
2024-06-12T17:27:56.108+05:00  INFO 30420 --- [    Test worker] .s.d.r.c.RepositoryConfigurationDelegate : Finished Spring Data repository scanning in 71 ms. Found 3 JPA repository interfaces.
2024-06-12T17:27:56.647+05:00  INFO 30420 --- [    Test worker] o.hibernate.jpa.internal.util.LogHelper  : HHH000204: Processing PersistenceUnitInfo [name: default]
2024-06-12T17:27:56.720+05:00  INFO 30420 --- [    Test worker] org.hibernate.Version                    : HHH000412: Hibernate ORM core version 6.5.2.Final
2024-06-12T17:27:56.762+05:00  INFO 30420 --- [    Test worker] o.h.c.internal.RegionFactoryInitiator    : HHH000026: Second-level cache disabled
2024-06-12T17:27:57.136+05:00  INFO 30420 --- [    Test worker] o.s.o.j.p.SpringPersistenceUnitInfo      : No LoadTimeWeaver setup: ignoring JPA class transformer
2024-06-12T17:27:57.170+05:00  INFO 30420 --- [    Test worker] com.zaxxer.hikari.HikariDataSource       : HikariPool-1 - Starting...
2024-06-12T17:28:06.252+05:00  INFO 30420 --- [    Test worker] com.zaxxer.hikari.pool.HikariPool        : HikariPool-1 - Added connection org.postgresql.jdbc.PgConnection@5ad0c70a
2024-06-12T17:28:06.253+05:00  INFO 30420 --- [    Test worker] com.zaxxer.hikari.HikariDataSource       : HikariPool-1 - Start completed.
2024-06-12T17:28:06.625+05:00  WARN 30420 --- [    Test worker] org.hibernate.orm.deprecation            : HHH90000025: PostgreSQLDialect does not need to be specified explicitly using 'hibernate.dialect' (remove the property setting and it will be selected by default)
2024-06-12T17:28:07.950+05:00  INFO 30420 --- [    Test worker] o.h.e.t.j.p.i.JtaPlatformInitiator       : HHH000489: No JTA platform available (set 'hibernate.transaction.jta.platform' to enable JTA platform integration)
2024-06-12T17:28:15.613+05:00  INFO 30420 --- [    Test worker] j.LocalContainerEntityManagerFactoryBean : Initialized JPA EntityManagerFactory for persistence unit 'default'
2024-06-12T17:28:16.920+05:00  WARN 30420 --- [    Test worker] JpaBaseConfiguration$JpaWebConfiguration : spring.jpa.open-in-view is enabled by default. Therefore, database queries may be performed during view rendering. Explicitly configure spring.jpa.open-in-view to disable this warning
2024-06-12T17:28:17.593+05:00  INFO 30420 --- [    Test worker] c.e.dalaPlay.DalaPlayApplicationTests    : Started DalaPlayApplicationTests in 22.76 seconds (process running for 24.157)
]]></system-out>
  <system-err><![CDATA[]]></system-err>
</testsuite>
