<?xml version="1.0" encoding="UTF-8"?>
<testsuite name="com.example.dalaPlay.DalaPlayApplicationTests" tests="1" skipped="0" failures="0" errors="0" timestamp="2024-06-12T00:42:04" hostname="DESKTOP-BGSJ3GE" time="0.63">
  <properties/>
  <testcase name="contextLoads()" classname="com.example.dalaPlay.DalaPlayApplicationTests" time="0.63"/>
  <system-out><![CDATA[05:41:57.088 [Test worker] INFO org.springframework.test.context.support.AnnotationConfigContextLoaderUtils -- Could not detect default configuration classes for test class [com.example.dalaPlay.DalaPlayApplicationTests]: DalaPlayApplicationTests does not declare any static, non-private, non-final, nested classes annotated with @Configuration.
05:41:57.234 [Test worker] INFO org.springframework.boot.test.context.SpringBootTestContextBootstrapper -- Found @SpringBootConfiguration com.example.dalaPlay.DalaPlayApplication for test class com.example.dalaPlay.DalaPlayApplicationTests
  .   ____          _            __ _ _
 /\\ / ___'_ __ _ _(_)_ __  __ _ \ \ \ \
( ( )\___ | '_ | '_| | '_ \/ _` | \ \ \ \
 \\/  ___)| |_)| | | | | || (_| |  ) ) ) )
  '  |____| .__|_| |_|_| |_\__, | / / / /
 =========|_|==============|___/=/_/_/_/

 :: Spring Boot ::                (v3.3.0)

2024-06-12T05:41:57.933+05:00  INFO 1760 --- [    Test worker] c.e.dalaPlay.DalaPlayApplicationTests    : Starting DalaPlayApplicationTests using Java 20.0.1 with PID 1760 (started by Yerkebulan in E:\IntellijProject\dalaPlay)
2024-06-12T05:41:57.936+05:00  INFO 1760 --- [    Test worker] c.e.dalaPlay.DalaPlayApplicationTests    : No active profile set, falling back to 1 default profile: "default"
2024-06-12T05:41:59.038+05:00  INFO 1760 --- [    Test worker] .s.d.r.c.RepositoryConfigurationDelegate : Bootstrapping Spring Data JPA repositories in DEFAULT mode.
2024-06-12T05:41:59.139+05:00  INFO 1760 --- [    Test worker] .s.d.r.c.RepositoryConfigurationDelegate : Finished Spring Data repository scanning in 87 ms. Found 3 JPA repository interfaces.
2024-06-12T05:41:59.871+05:00  INFO 1760 --- [    Test worker] o.hibernate.jpa.internal.util.LogHelper  : HHH000204: Processing PersistenceUnitInfo [name: default]
2024-06-12T05:41:59.971+05:00  INFO 1760 --- [    Test worker] org.hibernate.Version                    : HHH000412: Hibernate ORM core version 6.5.2.Final
2024-06-12T05:42:00.037+05:00  INFO 1760 --- [    Test worker] o.h.c.internal.RegionFactoryInitiator    : HHH000026: Second-level cache disabled
2024-06-12T05:42:00.521+05:00  INFO 1760 --- [    Test worker] o.s.o.j.p.SpringPersistenceUnitInfo      : No LoadTimeWeaver setup: ignoring JPA class transformer
2024-06-12T05:42:00.569+05:00  INFO 1760 --- [    Test worker] com.zaxxer.hikari.HikariDataSource       : HikariPool-1 - Starting...
2024-06-12T05:42:00.851+05:00  INFO 1760 --- [    Test worker] com.zaxxer.hikari.pool.HikariPool        : HikariPool-1 - Added connection org.postgresql.jdbc.PgConnection@3386ed8
2024-06-12T05:42:00.853+05:00  INFO 1760 --- [    Test worker] com.zaxxer.hikari.HikariDataSource       : HikariPool-1 - Start completed.
2024-06-12T05:42:00.915+05:00  WARN 1760 --- [    Test worker] org.hibernate.orm.deprecation            : HHH90000025: PostgreSQLDialect does not need to be specified explicitly using 'hibernate.dialect' (remove the property setting and it will be selected by default)
2024-06-12T05:42:02.113+05:00  INFO 1760 --- [    Test worker] o.h.e.t.j.p.i.JtaPlatformInitiator       : HHH000489: No JTA platform available (set 'hibernate.transaction.jta.platform' to enable JTA platform integration)
2024-06-12T05:42:02.254+05:00  INFO 1760 --- [    Test worker] j.LocalContainerEntityManagerFactoryBean : Initialized JPA EntityManagerFactory for persistence unit 'default'
2024-06-12T05:42:03.496+05:00  WARN 1760 --- [    Test worker] JpaBaseConfiguration$JpaWebConfiguration : spring.jpa.open-in-view is enabled by default. Therefore, database queries may be performed during view rendering. Explicitly configure spring.jpa.open-in-view to disable this warning
2024-06-12T05:42:04.120+05:00  INFO 1760 --- [    Test worker] c.e.dalaPlay.DalaPlayApplicationTests    : Started DalaPlayApplicationTests in 6.638 seconds (process running for 8.453)
]]></system-out>
  <system-err><![CDATA[]]></system-err>
</testsuite>
